<?xml version="1.0" encoding="UTF-8"?>
<!-- Generated by org.testng.reporters.JUnitReportReporter -->
<testsuite hostname="Sevas-MacBook-Air-4.local" failures="0" tests="1" name="appium.test.AppTest" time="34.382" errors="0" timestamp="26 Aug 2019 05:00:00 GMT" skipped="0">
  <testcase classname="appium.test.AppTest" name="testBundleID" time="34.382"/>
</testsuite> <!-- appium.test.AppTest -->
