<?xml version="1.0" encoding="UTF-8"?>
<!-- Generated by org.testng.reporters.JUnitReportReporter -->
<testsuite hostname="Sevas-MacBook-Air-4.local" failures="0" tests="3" name="tests.Tests" time="19.247" errors="0" timestamp="25 Aug 2019 09:43:06 GMT" skipped="0">
  <testcase classname="tests.Tests" name="testOne" time="4.294"/>
  <testcase classname="tests.Tests" name="testTwo" time="2.982"/>
  <testcase classname="tests.Tests" name="loginTest" time="11.971"/>
</testsuite> <!-- tests.Tests -->
